  CREATE_STREAM @0 ns {NAME:packet_stream T:TVM SCOPE: STREAM:1}
  CREATE_STREAM @0 ns {NAME:packet_stream T:TVM SCOPE: STREAM:2}
BEGIN @10 ns {TXH:3 STREAM:1 NAME:packet TIME=10 ns  TYPE="Begin_No_Parent, Link" LABEL:"" DESC=""}
  CREATE_STREAM @10 ns {NAME:main T:TVM SCOPE:top.consumer STREAM:4}
BEGIN @10 ns {TXH:5 STREAM:4 NAME:producer1-0 TIME=0 ns  TYPE="Begin_No_Parent, Link" LABEL:"" DESC=""}
  LINK @10 ns {TXH1:5 TXH2:3 RELATION=}
  CREATE_STREAM @10 ns {NAME:packet_stream T:TVM SCOPE: STREAM:6}
  CREATE_STREAM @20 ns {NAME:packet_stream T:TVM SCOPE: STREAM:7}
  SET_ATTR @40 ns {TXH:3 NAME:addr VALUE:187   RADIX:UVM_HEX BITS=32}
  SET_ATTR @40 ns {TXH:3 NAME:accept_time VALUE:0   RADIX:UVM_TIME BITS=64}
  SET_ATTR @40 ns {TXH:3 NAME:initiator VALUE:508   RADIX:UVM_DEC BITS=32}
END @40 ns {TXH:3 TIME=40 ns}
FREE @40 ns {TXH:3}
  SET_ATTR @40 ns {TXH:5 NAME:addr VALUE:187   RADIX:UVM_HEX BITS=32}
  SET_ATTR @40 ns {TXH:5 NAME:accept_time VALUE:0   RADIX:UVM_TIME BITS=64}
  SET_ATTR @40 ns {TXH:5 NAME:initiator VALUE:508   RADIX:UVM_DEC BITS=32}
END @40 ns {TXH:5 TIME=0 ns}
FREE @40 ns {TXH:5}
  CREATE_STREAM @50 ns {NAME:packet_stream T:TVM SCOPE: STREAM:8}
BEGIN @50 ns {TXH:9 STREAM:2 NAME:packet TIME=50 ns  TYPE="Begin_No_Parent, Link" LABEL:"" DESC=""}
BEGIN @50 ns {TXH:10 STREAM:4 NAME:producer2-0 TIME=0 ns  TYPE="Begin_No_Parent, Link" LABEL:"" DESC=""}
  LINK @50 ns {TXH1:10 TXH2:9 RELATION=}
  SET_ATTR @80 ns {TXH:9 NAME:addr VALUE:0   RADIX:UVM_HEX BITS=32}
  SET_ATTR @80 ns {TXH:9 NAME:accept_time VALUE:40   RADIX:UVM_TIME BITS=64}
  SET_ATTR @80 ns {TXH:9 NAME:initiator VALUE:528   RADIX:UVM_DEC BITS=32}
END @80 ns {TXH:9 TIME=80 ns}
FREE @80 ns {TXH:9}
  SET_ATTR @80 ns {TXH:10 NAME:addr VALUE:0   RADIX:UVM_HEX BITS=32}
  SET_ATTR @80 ns {TXH:10 NAME:accept_time VALUE:40   RADIX:UVM_TIME BITS=64}
  SET_ATTR @80 ns {TXH:10 NAME:initiator VALUE:528   RADIX:UVM_DEC BITS=32}
END @80 ns {TXH:10 TIME=0 ns}
FREE @80 ns {TXH:10}
BEGIN @90 ns {TXH:11 STREAM:8 NAME:packet TIME=90 ns  TYPE="Begin_No_Parent, Link" LABEL:"" DESC=""}
BEGIN @90 ns {TXH:12 STREAM:4 NAME:producer1-1 TIME=0 ns  TYPE="Begin_No_Parent, Link" LABEL:"" DESC=""}
  LINK @90 ns {TXH1:12 TXH2:11 RELATION=}
  CREATE_STREAM @90 ns {NAME:packet_stream T:TVM SCOPE: STREAM:13}
  SET_ATTR @120 ns {TXH:11 NAME:addr VALUE:174   RADIX:UVM_HEX BITS=32}
  SET_ATTR @120 ns {TXH:11 NAME:accept_time VALUE:80   RADIX:UVM_TIME BITS=64}
  SET_ATTR @120 ns {TXH:11 NAME:initiator VALUE:508   RADIX:UVM_DEC BITS=32}
END @120 ns {TXH:11 TIME=120 ns}
FREE @120 ns {TXH:11}
  SET_ATTR @120 ns {TXH:12 NAME:addr VALUE:174   RADIX:UVM_HEX BITS=32}
  SET_ATTR @120 ns {TXH:12 NAME:accept_time VALUE:80   RADIX:UVM_TIME BITS=64}
  SET_ATTR @120 ns {TXH:12 NAME:initiator VALUE:508   RADIX:UVM_DEC BITS=32}
END @120 ns {TXH:12 TIME=0 ns}
FREE @120 ns {TXH:12}
BEGIN @130 ns {TXH:14 STREAM:6 NAME:packet TIME=130 ns  TYPE="Begin_No_Parent, Link" LABEL:"" DESC=""}
BEGIN @130 ns {TXH:15 STREAM:4 NAME:producer2-1 TIME=0 ns  TYPE="Begin_No_Parent, Link" LABEL:"" DESC=""}
  LINK @130 ns {TXH1:15 TXH2:14 RELATION=}
  SET_ATTR @160 ns {TXH:14 NAME:addr VALUE:213   RADIX:UVM_HEX BITS=32}
  SET_ATTR @160 ns {TXH:14 NAME:accept_time VALUE:120   RADIX:UVM_TIME BITS=64}
  SET_ATTR @160 ns {TXH:14 NAME:initiator VALUE:528   RADIX:UVM_DEC BITS=32}
END @160 ns {TXH:14 TIME=160 ns}
FREE @160 ns {TXH:14}
  SET_ATTR @160 ns {TXH:15 NAME:addr VALUE:213   RADIX:UVM_HEX BITS=32}
  SET_ATTR @160 ns {TXH:15 NAME:accept_time VALUE:120   RADIX:UVM_TIME BITS=64}
  SET_ATTR @160 ns {TXH:15 NAME:initiator VALUE:528   RADIX:UVM_DEC BITS=32}
END @160 ns {TXH:15 TIME=0 ns}
FREE @160 ns {TXH:15}
BEGIN @170 ns {TXH:16 STREAM:7 NAME:packet TIME=170 ns  TYPE="Begin_No_Parent, Link" LABEL:"" DESC=""}
BEGIN @170 ns {TXH:17 STREAM:4 NAME:producer2-2 TIME=0 ns  TYPE="Begin_No_Parent, Link" LABEL:"" DESC=""}
  LINK @170 ns {TXH1:17 TXH2:16 RELATION=}
  SET_ATTR @200 ns {TXH:16 NAME:addr VALUE:243   RADIX:UVM_HEX BITS=32}
  SET_ATTR @200 ns {TXH:16 NAME:accept_time VALUE:160   RADIX:UVM_TIME BITS=64}
  SET_ATTR @200 ns {TXH:16 NAME:initiator VALUE:528   RADIX:UVM_DEC BITS=32}
END @200 ns {TXH:16 TIME=200 ns}
FREE @200 ns {TXH:16}
  SET_ATTR @200 ns {TXH:17 NAME:addr VALUE:243   RADIX:UVM_HEX BITS=32}
  SET_ATTR @200 ns {TXH:17 NAME:accept_time VALUE:160   RADIX:UVM_TIME BITS=64}
  SET_ATTR @200 ns {TXH:17 NAME:initiator VALUE:528   RADIX:UVM_DEC BITS=32}
END @200 ns {TXH:17 TIME=0 ns}
FREE @200 ns {TXH:17}
BEGIN @210 ns {TXH:18 STREAM:13 NAME:packet TIME=210 ns  TYPE="Begin_No_Parent, Link" LABEL:"" DESC=""}
BEGIN @210 ns {TXH:19 STREAM:4 NAME:producer2-3 TIME=0 ns  TYPE="Begin_No_Parent, Link" LABEL:"" DESC=""}
  LINK @210 ns {TXH1:19 TXH2:18 RELATION=}
  SET_ATTR @240 ns {TXH:18 NAME:addr VALUE:212   RADIX:UVM_HEX BITS=32}
  SET_ATTR @240 ns {TXH:18 NAME:accept_time VALUE:200   RADIX:UVM_TIME BITS=64}
  SET_ATTR @240 ns {TXH:18 NAME:initiator VALUE:528   RADIX:UVM_DEC BITS=32}
END @240 ns {TXH:18 TIME=240 ns}
FREE @240 ns {TXH:18}
  SET_ATTR @240 ns {TXH:19 NAME:addr VALUE:212   RADIX:UVM_HEX BITS=32}
  SET_ATTR @240 ns {TXH:19 NAME:accept_time VALUE:200   RADIX:UVM_TIME BITS=64}
  SET_ATTR @240 ns {TXH:19 NAME:initiator VALUE:528   RADIX:UVM_DEC BITS=32}
END @240 ns {TXH:19 TIME=0 ns}
FREE @240 ns {TXH:19}
