Command: ./simv +UVM_VERBOSITY=UVM_LOW -l vcs.log
Chronologic VCS simulator copyright 1991-2012
Contains Synopsys proprietary information.
Compiler version G-2012.09-Beta3; Runtime version G-2012.09-Beta3;  Oct  4 02:17 2012
----------------------------------------------------------------
UVM-1.1b
(C) 2007-2012 Mentor Graphics Corporation
(C) 2007-2012 Cadence Design Systems, Inc.
(C) 2006-2012 Synopsys, Inc.
(C) 2011-2012 Cypress Semiconductor Corp.
----------------------------------------------------------------

  ***********       IMPORTANT RELEASE NOTES         ************

  You are using a version of the UVM library that has been compiled
  with `UVM_NO_DEPRECATED undefined.
  See http://www.eda.org/svdb/view.php?id=3313 for more details.

      (Specify +UVM_NO_RELNOTES to turn off this notice)

UVM_INFO @ 0 ns: reporter [RNTST] Running test ...
UVM_INFO @ 0 ns: reporter [UVMTOP] UVM testbench topology:
------------------------------------------------------------
Name                    Type                   Size  Value  
------------------------------------------------------------
top                     top                    -     -      
  consumer              consumer #(T)          -     -      
    in                  uvm_blocking_put_imp   -     -      
      recording_detail  uvm_verbosity          32    UVM_LOW
    out                 uvm_get_port           -     -      
      recording_detail  uvm_verbosity          32    UVM_LOW
    count               integral               32    'd1    
    recording_detail    uvm_verbosity          32    UVM_LOW
  fifo                  uvm_tlm_fifo #(T)      -     -      
    get_ap              uvm_analysis_port      -     -      
      recording_detail  uvm_verbosity          32    UVM_LOW
    get_peek_export     uvm_get_peek_imp       -     -      
      recording_detail  uvm_verbosity          32    UVM_LOW
    put_ap              uvm_analysis_port      -     -      
      recording_detail  uvm_verbosity          32    UVM_LOW
    put_export          uvm_put_imp            -     -      
      recording_detail  uvm_verbosity          32    UVM_LOW
    recording_detail    uvm_verbosity          32    UVM_LOW
  producer1             producer #(T)          -     -      
    out                 uvm_blocking_put_port  -     -      
      recording_detail  uvm_verbosity          32    UVM_LOW
    proto               packet                 -     -      
    num_packets         integral               32    'd2    
    count               integral               32    'd0    
    recording_detail    uvm_verbosity          32    UVM_LOW
  producer2             producer #(T)          -     -      
    out                 uvm_blocking_put_port  -     -      
      recording_detail  uvm_verbosity          32    UVM_LOW
    proto               packet                 -     -      
    num_packets         integral               32    'd4    
    count               integral               32    'd0    
    recording_detail    uvm_verbosity          32    UVM_LOW
  recording_detail      uvm_verbosity          32    UVM_LOW
------------------------------------------------------------

UVM_INFO ../../../src/base/uvm_objection.svh(1120) @ 1000 ns: reporter [TEST_DONE] 'run' phase is ready to proceed to the 'extract' phase

--- UVM Report Summary ---

** Report counts by severity
UVM_INFO :    3
UVM_WARNING :    0
UVM_ERROR :    0
UVM_FATAL :    0
** Report counts by id
[RNTST]     1
[TEST_DONE]     1
[UVMTOP]     1
$finish called from file "../../../src/base/uvm_root.svh", line 408.
$finish at simulation time 1000 ns
           V C S   S i m u l a t i o n   R e p o r t 
Time: 1000 ns
CPU Time:      0.430 seconds;       Data structure size:   0.2Mb
Thu Oct  4 02:17:49 2012
