5        :                            C <- C#3
5        :                   C <- C#2
5        :          C <- C#1
5        : C <- C#0
85       :                   C -> C#2
85       :          C -> C#1
85       : C -> C#0
95       :                            C -> C#3
115      :                   C <- C#2
115      :          C <- C#1
115      : C <- C#0
125      :                            C <- C#3
155      :          C -> C#1
185      : C -> C#0
195      :                            C -> C#3
205      :                   C -> C#2
415      : C <- C#0
435      : C -> C#0
455      : C <- C#0
505      : C -> C#0
535      : C <- C#0
575      : C -> C#0
715      : C <- C#0
735      : C -> C#0
755      : C <- C#0
785      : C -> C#0
825      : C <- C#0
935      : C -> C#0
1015     : C <- C#0
1085     : C -> C#0
1115     : C <- C#0
1205     : C -> C#0
1235     : C <- C#0
1275     : C -> C#0
1415     : C <- C#0
1485     : C -> C#0
1505     : C <- C#0
1605     : C -> C#0
1715     : C <- C#0
1795     : C -> C#0
1815     : C <- C#0
1885     : C -> C#0
1925     : C <- C#0
1945     : C -> C#0
2025     : C <- C#0
2085     : C -> C#0
2125     : C <- C#0
2215     : C -> C#0
2355     : C <- C#0
2435     : C -> C#0
2455     : C <- C#0
2565     : C -> C#0
2585     : C <- C#0
2645     : C -> C#0
2675     : C <- C#0
2735     : C -> C#0
2765     : C <- C#0
2825     : C -> C#0
2855     : C <- C#0
2905     : C -> C#0
2935     : C <- C#0
2945     : C -> C#0
3155     : C <- C#0
3165     : C -> C#0
3195     : C <- C#0
3295     : C -> C#0
3325     : C <- C#0
3385     : C -> C#0
3465     : C <- C#0
3495     : C -> C#0
3515     : C <- C#0
3575     : C -> C#0
3695     : C <- C#0
3785     : C -> C#0
3815     : C <- C#0
3825     : C -> C#0
3855     : C <- C#0
3875     : C -> C#0
3905     : C <- C#0
3985     : C -> C#0
4095     : C <- C#0
4155     : C -> C#0
4185     : C <- C#0
4255     : C -> C#0
4285     : C <- C#0
4365     : C -> C#0
4565     : C <- C#0
4655     : C -> C#0
4685     : C <- C#0
4695     : C -> C#0
4785     : C <- C#0
4835     : C -> C#0
4895     : C <- C#0
4905     : C -> C#0
4925     : C <- C#0
5035     : C -> C#0
5075     : C <- C#0
5165     : C -> C#0
5195     : C <- C#0
5235     : C -> C#0
5255     : C <- C#0
5325     : C -> C#0
5475     : C <- C#0
5575     : C -> C#0
5605     : C <- C#0
5625     : C -> C#0
5685     : C <- C#0
5745     : C -> C#0
5775     : C <- C#0
5825     : C -> C#0
5885     : C <- C#0
5945     : C -> C#0
6075     : C <- C#0
6115     : C -> C#0
6135     : C <- C#0
6165     : C -> C#0
6375     : C <- C#0
6465     : C -> C#0
6495     : C <- C#0
6555     : C -> C#0
6585     : C <- C#0
6645     : C -> C#0
6775     : C <- C#0
6835     : C -> C#0
6865     : C <- C#0
6935     : C -> C#0
7115     : C <- C#0
7215     : C -> C#0
7235     : C <- C#0
7335     : C -> C#0
7375     : C <- C#0
7475     : C -> C#0
7505     : C <- C#0
7555     : C -> C#0
7625     : C <- C#0
7665     : C -> C#0
7725     : C <- C#0
7745     : C -> C#0
7835     : C <- C#0
7845     : C -> C#0
7865     : C <- C#0
7895     : C -> C#0
8005     : C <- C#0
8075     : C -> C#0
8255     : C <- C#0
8275     : C -> C#0
8305     : C <- C#0
8355     : C -> C#0
8385     : C <- C#0
8465     : C -> C#0
8485     : C <- C#0
8545     : C -> C#0
8585     : C <- C#0
8605     : C -> C#0
8635     : C <- C#0
8695     : C -> C#0
8835     : C <- C#0
8895     : C -> C#0
8975     : C <- C#0
9065     : C -> C#0
9085     : C <- C#0
9105     : C -> C#0
9135     : C <- C#0
9155     : C -> C#0
9185     : C <- C#0
9245     : C -> C#0
9275     : C <- C#0
9315     : C -> C#0
9345     : C <- C#0
9365     : C -> C#0
9455     : C <- C#0
9555     : C -> C#0
9585     : C <- C#0
9675     : C -> C#0
9705     : C <- C#0
9735     : C -> C#0
9855     : C <- C#0
9955     : C -> C#0
9985     : C <- C#0
10035    : C -> C#0
10065    : C <- C#0
10155    : C -> C#0
10255    : C <- C#0
10355    : C -> C#0
10375    : C <- C#0
10395    : C -> C#0
10465    : C <- C#0
10555    : C -> C#0
10575    : C <- C#0
10675    : C -> C#0
10735    : C <- C#0
10805    : C -> C#0
10835    : C <- C#0
10905    : C -> C#0
10935    : C <- C#0
11035    : C -> C#0
11075    : C <- C#0
11095    : C -> C#0
11115    : C <- C#0
11135    : C -> C#0
11285    : C <- C#0
11375    : C -> C#0
11405    : C <- C#0
11455    : C -> C#0
11545    : C <- C#0
11565    : C -> C#0
11665    : C <- C#0
11705    : C -> C#0
11735    : C <- C#0
11775    : C -> C#0
11935    : C <- C#0
12015    : C -> C#0
12045    : C <- C#0
12085    : C -> C#0
12115    : C <- C#0
12205    : C -> C#0
12295    : C <- C#0
12365    : C -> C#0
12395    : C <- C#0
12465    : C -> C#0
12665    : C <- C#0
12685    : C -> C#0
12715    : C <- C#0
12775    : C -> C#0
12795    : C <- C#0
12815    : C -> C#0
12845    : C <- C#0
12855    : C -> C#0
12965    : C <- C#0
13025    : C -> C#0
13045    : C <- C#0
13105    : C -> C#0
13195    : C <- C#0
13285    : C -> C#0
13465    : C <- C#0
13525    : C -> C#0
13555    : C <- C#0
13605    : C -> C#0
13795    : C <- C#0
13885    : C -> C#0
13905    : C <- C#0
13995    : C -> C#0
14025    : C <- C#0
14085    : C -> C#0
14105    : C <- C#0
14205    : C -> C#0
14235    : C <- C#0
14285    : C -> C#0
14395    : C <- C#0
14425    : C -> C#0
14455    : C <- C#0
14485    : C -> C#0
14505    : C <- C#0
14605    : C -> C#0
14635    : C <- C#0
14735    : C -> C#0
14785    : C <- C#0
14815    : C -> C#0
14835    : C <- C#0
14915    : C -> C#0
14935    : C <- C#0
15005    : C -> C#0
15035    : C <- C#0
15105    : C -> C#0
15135    : C <- C#0
15215    : C -> C#0
15235    : C <- C#0
15255    : C -> C#0
15395    : C <- C#0
15475    : C -> C#0
15505    : C <- C#0
15515    : C -> C#0
15675    : C <- C#0
15785    : C -> C#0
15815    : C <- C#0
15915    : C -> C#0
16075    : C <- C#0
16125    : C -> C#0
16155    : C <- C#0
16205    : C -> C#0
16225    : C <- C#0
16315    : C -> C#0
16345    : C <- C#0
16415    : C -> C#0
16445    : C <- C#0
16465    : C -> C#0
16635    : C <- C#0
16715    : C -> C#0
16755    : C <- C#0
16845    : C -> C#0
16865    : C <- C#0
16955    : C -> C#0
16985    : C <- C#0
17015    : C -> C#0
17265    : C <- C#0
17315    : C -> C#0
17335    : C <- C#0
17415    : C -> C#0
17495    : C <- C#0
17545    : C -> C#0
17575    : C <- C#0
17605    : C -> C#0
17625    : C <- C#0
17735    : C -> C#0
17765    : C <- C#0
17845    : C -> C#0
17875    : C <- C#0
17895    : C -> C#0
18135    : C <- C#0
18155    : C -> C#0
18185    : C <- C#0
18225    : C -> C#0
18255    : C <- C#0
18365    : C -> C#0
18415    : C <- C#0
18465    : C -> C#0
18495    : C <- C#0
18545    : C -> C#0
18575    : C <- C#0
18635    : C -> C#0
18695    : C <- C#0
18725    : C -> C#0
18755    : C <- C#0
18795    : C -> C#0
18955    : C <- C#0
19045    : C -> C#0
19075    : C <- C#0
19175    : C -> C#0
19215    : C <- C#0
19275    : C -> C#0
19305    : C <- C#0
19315    : C -> C#0
19335    : C <- C#0
19445    : C -> C#0
19475    : C <- C#0
19545    : C -> C#0
19635    : C <- C#0
19695    : C -> C#0
19775    : C <- C#0
19805    : C -> C#0
19845    : C <- C#0
19895    : C -> C#0
19955    : C <- C#0
20055    : C -> C#0
20075    : C <- C#0
20125    : C -> C#0
20155    : C <- C#0
20175    : C -> C#0
20205    : C <- C#0
20215    : C -> C#0
20245    : C <- C#0
20265    : C -> C#0
20425    : C <- C#0
20515    : C -> C#0
20545    : C <- C#0
20555    : C -> C#0
20625    : C <- C#0
20675    : C -> C#0
20705    : C <- C#0
20785    : C -> C#0
20895    : C <- C#0
20965    : C -> C#0
20995    : C <- C#0
21095    : C -> C#0
21125    : C <- C#0
21155    : C -> C#0
21185    : C <- C#0
21265    : C -> C#0
21395    : C <- C#0
21445    : C -> C#0
21465    : C <- C#0
21565    : C -> C#0
21585    : C <- C#0
21635    : C -> C#0
21665    : C <- C#0
21725    : C -> C#0
21935    : C <- C#0
22035    : C -> C#0
22065    : C <- C#0
22165    : C -> C#0
22215    : C <- C#0
22325    : C -> C#0
22365    : C <- C#0
22455    : C -> C#0
22475    : C <- C#0
22535    : C -> C#0
22675    : C <- C#0
22725    : C -> C#0
22745    : C <- C#0
22795    : C -> C#0
22815    : C <- C#0
22905    : C -> C#0
22955    : C <- C#0
23065    : C -> C#0
23085    : C <- C#0
23115    : C -> C#0
23145    : C <- C#0
23245    : C -> C#0
23315    : C <- C#0
23335    : C -> C#0
23365    : C <- C#0
23375    : C -> C#0
23515    : C <- C#0
23545    : C -> C#0
23575    : C <- C#0
23615    : C -> C#0
23735    : C <- C#0
23795    : C -> C#0
23825    : C <- C#0
23885    : C -> C#0
23915    : C <- C#0
23945    : C -> C#0
24015    : C <- C#0
24025    : C -> C#0
24055    : C <- C#0
24155    : C -> C#0
24185    : C <- C#0
24285    : C -> C#0
24315    : C <- C#0
24335    : C -> C#0
24365    : C <- C#0
24385    : C -> C#0
24515    : C <- C#0
24575    : C -> C#0
24605    : C <- C#0
24675    : C -> C#0
24695    : C <- C#0
24775    : C -> C#0
24875    : C <- C#0
24985    : C -> C#0
25025    : C <- C#0
25125    : C -> C#0
25145    : C <- C#0
25255    : C -> C#0
25295    : C <- C#0
25305    : C -> C#0
25325    : C <- C#0
25355    : C -> C#0
25385    : C <- C#0
25475    : C -> C#0
25495    : C <- C#0
25535    : C -> C#0
25625    : C <- C#0
25665    : C -> C#0
25685    : C <- C#0
25725    : C -> C#0
25935    : C <- C#0
25945    : C -> C#0
25965    : C <- C#0
26045    : C -> C#0
26245    : C <- C#0
26335    : C -> C#0
26365    : C <- C#0
26405    : C -> C#0
26465    : C <- C#0
26525    : C -> C#0
26695    : C <- C#0
26705    : C -> C#0
26725    : C <- C#0
26765    : C -> C#0
26805    : C <- C#0
26855    : C -> C#0
26985    : C <- C#0
27015    : C -> C#0
27035    : C <- C#0
27145    : C -> C#0
27165    : C <- C#0
27235    : C -> C#0
27435    : C <- C#0
27455    : C -> C#0
27475    : C <- C#0
27515    : C -> C#0
27545    : C <- C#0
27625    : C -> C#0
27655    : C <- C#0
27755    : C -> C#0
27775    : C <- C#0
27805    : C -> C#0
28025    : C <- C#0
28055    : C -> C#0
28075    : C <- C#0
28105    : C -> C#0
28255    : C <- C#0
28335    : C -> C#0
28365    : C <- C#0
28375    : C -> C#0
28525    : C <- C#0
28605    : C -> C#0
28625    : C <- C#0
28645    : C -> C#0
28805    : C <- C#0
28885    : C -> C#0
28905    : C <- C#0
29015    : C -> C#0
29035    : C <- C#0
29115    : C -> C#0
29135    : C <- C#0
29215    : C -> C#0
29245    : C <- C#0
29335    : C -> C#0
29355    : C <- C#0
29455    : C -> C#0
29515    : C <- C#0
29545    : C -> C#0
29575    : C <- C#0
29625    : C -> C#0
29655    : C <- C#0
29725    : C -> C#0
29745    : C <- C#0
29845    : C -> C#0
29875    : C <- C#0
29955    : C -> C#0
29975    : C <- C#0
30035    : C -> C#0
30225    : C <- C#0
30235    : C -> C#0
30265    : C <- C#0
30315    : C -> C#0
30445    : C <- C#0
30515    : C -> C#0
30535    : C <- C#0
30575    : C -> C#0
30595    : C <- C#0
30685    : C -> C#0
30725    : C <- C#0
30805    : C -> C#0
30825    : C <- C#0
30925    : C -> C#0
30955    : C <- C#0
31015    : C -> C#0
31035    : C <- C#0
31125    : C -> C#0
31155    : C <- C#0
31215    : C -> C#0
31295    : C <- C#0
31315    : C -> C#0
31335    : C <- C#0
31365    : C -> C#0
31395    : C <- C#0
31405    : C -> C#0
31505    : C <- C#0
31615    : C -> C#0
31775    : C <- C#0
31865    : C -> C#0
31895    : C <- C#0
31915    : C -> C#0
31945    : C <- C#0
32045    : C -> C#0
32075    : C <- C#0
32165    : C -> C#0
32315    : C <- C#0
32325    : C -> C#0
32355    : C <- C#0
32385    : C -> C#0
32575    : C <- C#0
32595    : C -> C#0
32615    : C <- C#0
32645    : C -> C#0
32765    : C <- C#0
32785    : C -> C#0
32815    : C <- C#0
32895    : C -> C#0
32925    : C <- C#0
32975    : C -> C#0
32995    : C <- C#0
33045    : C -> C#0
33065    : C <- C#0
33135    : C -> C#0
33165    : C <- C#0
33265    : C -> C#0
33285    : C <- C#0
33305    : C -> C#0
33325    : C <- C#0
33435    : C -> C#0
33455    : C <- C#0
33475    : C -> C#0
33495    : C <- C#0
33515    : C -> C#0
33665    : C <- C#0
33745    : C -> C#0
33775    : C <- C#0
33815    : C -> C#0
33845    : C <- C#0
33855    : C -> C#0
33945    : C <- C#0
34045    : C -> C#0
34075    : C <- C#0
34145    : C -> C#0
34165    : C <- C#0
34225    : C -> C#0
34255    : C <- C#0
34335    : C -> C#0
34355    : C <- C#0
34445    : C -> C#0
34475    : C <- C#0
34575    : C -> C#0
34595    : C <- C#0
34705    : C -> C#0
34745    : C <- C#0
34825    : C -> C#0
34845    : C <- C#0
34905    : C -> C#0
34925    : C <- C#0
35015    : C -> C#0
35065    : C <- C#0
35165    : C -> C#0
35205    : C <- C#0
35235    : C -> C#0
35405    : C <- C#0
35485    : C -> C#0
35505    : C <- C#0
35565    : C -> C#0
35675    : C <- C#0
35745    : C -> C#0
35945    : C <- C#0
36025    : C -> C#0
36045    : C <- C#0
36105    : C -> C#0
36125    : C <- C#0
36175    : C -> C#0
36305    : C <- C#0
36335    : C -> C#0
36365    : C <- C#0
36375    : C -> C#0
36405    : C <- C#0
36445    : C -> C#0
36525    : C <- C#0
36555    : C -> C#0
36585    : C <- C#0
36675    : C -> C#0
36755    : C <- C#0
36855    : C -> C#0
36875    : C <- C#0
36975    : C -> C#0
37005    : C <- C#0
37095    : C -> C#0
37175    : C <- C#0
37285    : C -> C#0
37315    : C <- C#0
37375    : C -> C#0
37405    : C <- C#0
37465    : C -> C#0
37485    : C <- C#0
37505    : C -> C#0
37675    : C <- C#0
37725    : C -> C#0
37745    : C <- C#0
37835    : C -> C#0
37895    : C <- C#0
37965    : C -> C#0
37995    : C <- C#0
38035    : C -> C#0
38065    : C <- C#0
38115    : C -> C#0
38145    : C <- C#0
38215    : C -> C#0
38285    : C <- C#0
38325    : C -> C#0
38355    : C <- C#0
38455    : C -> C#0
38505    : C <- C#0
38515    : C -> C#0
38545    : C <- C#0
38585    : C -> C#0
38615    : C <- C#0
38625    : C -> C#0
38645    : C <- C#0
38725    : C -> C#0
38745    : C <- C#0
38795    : C -> C#0
38815    : C <- C#0
38905    : C -> C#0
38935    : C <- C#0
38995    : C -> C#0
39105    : C <- C#0
39145    : C -> C#0
39205    : C <- C#0
39235    : C -> C#0
39265    : C <- C#0
39335    : C -> C#0
39375    : C <- C#0
39475    : C -> C#0
39505    : C <- C#0
39565    : C -> C#0
39595    : C <- C#0
39655    : C -> C#0
39675    : C <- C#0
39765    : C -> C#0
39795    : C <- C#0
39845    : C -> C#0
39865    : C <- C#0
39935    : C -> C#0
40045    : C <- C#0
40095    : C -> C#0
40115    : C <- C#0
40155    : C -> C#0
40225    : C <- C#0
40335    : C -> C#0
40355    : C <- C#0
40425    : C -> C#0
40445    : C <- C#0
40495    : C -> C#0
40525    : C <- C#0
40555    : C -> C#0
40585    : C <- C#0
40655    : C -> C#0
40725    : C <- C#0
40745    : C -> C#0
40775    : C <- C#0
40865    : C -> C#0
41055    : C <- C#0
41155    : C -> C#0
41175    : C <- C#0
41255    : C -> C#0
41275    : C <- C#0
41385    : C -> C#0
41405    : C <- C#0
41475    : C -> C#0
41615    : C <- C#0
41685    : C -> C#0
41715    : C <- C#0
41735    : C -> C#0
41755    : C <- C#0
41825    : C -> C#0
41985    : C <- C#0
42065    : C -> C#0
42085    : C <- C#0
42145    : C -> C#0
42175    : C <- C#0
42255    : C -> C#0
42285    : C <- C#0
42345    : C -> C#0
42375    : C <- C#0
42465    : C -> C#0
42485    : C <- C#0
42515    : C -> C#0
42595    : C <- C#0
42685    : C -> C#0
42715    : C <- C#0
42795    : C -> C#0
42915    : C <- C#0
42985    : C -> C#0
43015    : C <- C#0
43105    : C -> C#0
43165    : C <- C#0
43205    : C -> C#0
43235    : C <- C#0
43255    : C -> C#0
43275    : C <- C#0
43295    : C -> C#0
43435    : C <- C#0
43455    : C -> C#0
43475    : C <- C#0
43505    : C -> C#0
43525    : C <- C#0
43545    : C -> C#0
43575    : C <- C#0
43665    : C -> C#0
43725    : C <- C#0
43785    : C -> C#0
43815    : C <- C#0
43865    : C -> C#0
43895    : C <- C#0
43945    : C -> C#0
43975    : C <- C#0
44015    : C -> C#0
44155    : C <- C#0
44165    : C -> C#0
44185    : C <- C#0
44215    : C -> C#0
44235    : C <- C#0
44265    : C -> C#0
44295    : C <- C#0
44355    : C -> C#0
44375    : C <- C#0
44405    : C -> C#0
44545    : C <- C#0
44615    : C -> C#0
44635    : C <- C#0
44725    : C -> C#0
44745    : C <- C#0
44825    : C -> C#0
44895    : C <- C#0
44915    : C -> C#0
44935    : C <- C#0
44995    : C -> C#0
45225    : C <- C#0
45275    : C -> C#0
45305    : C <- C#0
45355    : C -> C#0
45375    : C <- C#0
45415    : C -> C#0
45515    : C <- C#0
45535    : C -> C#0
45565    : C <- C#0
45575    : C -> C#0
45595    : C <- C#0
45705    : C -> C#0
45725    : C <- C#0
45755    : C -> C#0
45865    : C <- C#0
45885    : C -> C#0
45905    : C <- C#0
45995    : C -> C#0
46025    : C <- C#0
46085    : C -> C#0
46175    : C <- C#0
46245    : C -> C#0
46275    : C <- C#0
46305    : C -> C#0
46335    : C <- C#0
46395    : C -> C#0
46425    : C <- C#0
46435    : C -> C#0
46595    : C <- C#0
46675    : C -> C#0
46695    : C <- C#0
46775    : C -> C#0
46805    : C <- C#0
46825    : C -> C#0
46975    : C <- C#0
47015    : C -> C#0
47115    : C <- C#0
47215    : C -> C#0
47255    : C <- C#0
47345    : C -> C#0
47375    : C <- C#0
47455    : C -> C#0
47665    : C <- C#0
47755    : C -> C#0
47775    : C <- C#0
47875    : C -> C#0
47905    : C <- C#0
47985    : C -> C#0
48005    : C <- C#0
48035    : C -> C#0
48055    : C <- C#0
48165    : C -> C#0
48235    : C <- C#0
48315    : C -> C#0
48345    : C <- C#0
48365    : C -> C#0
48385    : C <- C#0
48425    : C -> C#0
48565    : C <- C#0
48675    : C -> C#0
48725    : C <- C#0
48835    : C -> C#0
48865    : C <- C#0
48965    : C -> C#0
48995    : C <- C#0
49025    : C -> C#0
49135    : C <- C#0
49175    : C -> C#0
49205    : C <- C#0
49215    : C -> C#0
49325    : C <- C#0
49415    : C -> C#0
49515    : C <- C#0
49555    : C -> C#0
49785    : C <- C#0
49805    : C -> C#0
49825    : C <- C#0
49915    : C -> C#0
49945    : C <- C#0
49975    : C -> C#0
50005    : C <- C#0
50055    : C -> C#0
50305    : C <- C#0
50375    : C -> C#0
50405    : C <- C#0
50465    : C -> C#0
50655    : C <- C#0
50695    : C -> C#0
50725    : C <- C#0
50755    : C -> C#0
50775    : C <- C#0
50825    : C -> C#0
50855    : C <- C#0
50895    : C -> C#0
50925    : C <- C#0
50985    : C -> C#0
51005    : C <- C#0
51075    : C -> C#0
51095    : C <- C#0
51175    : C -> C#0
51215    : C <- C#0
51305    : C -> C#0
51335    : C <- C#0
51345    : C -> C#0
51495    : C <- C#0
51525    : C -> C#0
51545    : C <- C#0
51655    : C -> C#0
51675    : C <- C#0
51725    : C -> C#0
51825    : C <- C#0
51905    : C -> C#0
52015    : C <- C#0
52075    : C -> C#0
52115    : C <- C#0
52135    : C -> C#0
52155    : C <- C#0
52235    : C -> C#0
52255    : C <- C#0
52305    : C -> C#0
52335    : C <- C#0
52345    : C -> C#0
52475    : C <- C#0
52505    : C -> C#0
52525    : C <- C#0
52595    : C -> C#0
52855    : C <- C#0
52945    : C -> C#0
52965    : C <- C#0
53035    : C -> C#0
53155    : C <- C#0
53215    : C -> C#0
53245    : C <- C#0
53315    : C -> C#0
53405    : C <- C#0
53485    : C -> C#0
53515    : C <- C#0
53615    : C -> C#0
53835    : C <- C#0
53875    : C -> C#0
53905    : C <- C#0
53985    : C -> C#0
54065    : C <- C#0
54105    : C -> C#0
54135    : C <- C#0
54205    : C -> C#0
54275    : C <- C#0
54325    : C -> C#0
54355    : C <- C#0
54415    : C -> C#0
54445    : C <- C#0
54455    : C -> C#0
54475    : C <- C#0
54555    : C -> C#0
54595    : C <- C#0
54625    : C -> C#0
54645    : C <- C#0
54665    : C -> C#0
54695    : C <- C#0
54745    : C -> C#0
54835    : C <- C#0
54935    : C -> C#0
54955    : C <- C#0
55035    : C -> C#0
55205    : C <- C#0
55255    : C -> C#0
55285    : C <- C#0
55325    : C -> C#0
55425    : C <- C#0
55495    : C -> C#0
55725    : C <- C#0
55765    : C -> C#0
55795    : C <- C#0
55805    : C -> C#0
55825    : C <- C#0
55885    : C -> C#0
55915    : C <- C#0
55995    : C -> C#0
56025    : C <- C#0
56055    : C -> C#0
56075    : C <- C#0
56095    : C -> C#0
56125    : C <- C#0
56195    : C -> C#0
56225    : C <- C#0
56255    : C -> C#0
56375    : C <- C#0
56415    : C -> C#0
56435    : C <- C#0
56485    : C -> C#0
56515    : C <- C#0
56595    : C -> C#0
56675    : C <- C#0
56755    : C -> C#0
56825    : C <- C#0
56855    : C -> C#0
56885    : C <- C#0
56955    : C -> C#0
56975    : C <- C#0
57025    : C -> C#0
57225    : C <- C#0
57245    : C -> C#0
57265    : C <- C#0
57375    : C -> C#0
57395    : C <- C#0
57425    : C -> C#0
57445    : C <- C#0
57465    : C -> C#0
57485    : C <- C#0
57505    : C -> C#0
57525    : C <- C#0
57635    : C -> C#0
57715    : C <- C#0
57795    : C -> C#0
57815    : C <- C#0
57835    : C -> C#0
57855    : C <- C#0
57935    : C -> C#0
58005    : C <- C#0
58025    : C -> C#0
58055    : C <- C#0
58085    : C -> C#0
58115    : C <- C#0
58195    : C -> C#0
58275    : C <- C#0
58375    : C -> C#0
58395    : C <- C#0
58485    : C -> C#0
58565    : C <- C#0
58625    : C -> C#0
58655    : C <- C#0
58665    : C -> C#0
58925    : C <- C#0
58985    : C -> C#0
59015    : C <- C#0
59095    : C -> C#0
59135    : C <- C#0
59215    : C -> C#0
59245    : C <- C#0
59345    : C -> C#0
59415    : C <- C#0
59485    : C -> C#0
59615    : C <- C#0
59635    : C -> C#0
59665    : C <- C#0
59685    : C -> C#0
59885    : C <- C#0
59985    : C -> C#0
60015    : C <- C#0
60075    : C -> C#0
60305    : C <- C#0
60395    : C -> C#0
60415    : C <- C#0
60515    : C -> C#0
60535    : C <- C#0
60635    : C -> C#0
60665    : C <- C#0
60715    : C -> C#0
60735    : C <- C#0
60755    : C -> C#0
60935    : C <- C#0
60985    : C -> C#0
61015    : C <- C#0
61095    : C -> C#0
61115    : C <- C#0
61145    : C -> C#0
61175    : C <- C#0
61205    : C -> C#0
61395    : C <- C#0
61425    : C -> C#0
61445    : C <- C#0
61505    : C -> C#0
61535    : C <- C#0
61545    : C -> C#0
61755    : C <- C#0
61845    : C -> C#0
61875    : C <- C#0
61945    : C -> C#0
62035    : C <- C#0
62115    : C -> C#0
62135    : C <- C#0
62165    : C -> C#0
62185    : C <- C#0
62285    : C -> C#0
62305    : C <- C#0
62365    : C -> C#0
62395    : C <- C#0
62485    : C -> C#0
62515    : C <- C#0
62595    : C -> C#0
62615    : C <- C#0
62715    : C -> C#0
62735    : C <- C#0
62835    : C -> C#0
62865    : C <- C#0
62895    : C -> C#0
63055    : C <- C#0
63125    : C -> C#0
63145    : C <- C#0
63215    : C -> C#0
63335    : C <- C#0
63395    : C -> C#0
63415    : C <- C#0
63445    : C -> C#0
63545    : C <- C#0
63615    : C -> C#0
63695    : C <- C#0
63735    : C -> C#0
63755    : C <- C#0
63815    : C -> C#0
63835    : C <- C#0
63935    : C -> C#0
63955    : C <- C#0
64015    : C -> C#0
64085    : C <- C#0
64165    : C -> C#0
64215    : C <- C#0
64305    : C -> C#0
64335    : C <- C#0
64415    : C -> C#0
64485    : C <- C#0
64575    : C -> C#0
64605    : C <- C#0
64655    : C -> C#0
64755    : C <- C#0
64815    : C -> C#0
64845    : C <- C#0
64935    : C -> C#0
64965    : C <- C#0
65015    : C -> C#0
65045    : C <- C#0
65075    : C -> C#0
65105    : C <- C#0
65125    : C -> C#0
65245    : C <- C#0
65335    : C -> C#0
65365    : C <- C#0
65415    : C -> C#0
65555    : C <- C#0
65605    : C -> C#0
65635    : C <- C#0
65675    : C -> C#0
65705    : C <- C#0
65745    : C -> C#0
65965    : C <- C#0
65985    : C -> C#0
66015    : C <- C#0
66055    : C -> C#0
66185    : C <- C#0
66265    : C -> C#0
66305    : C <- C#0
66405    : C -> C#0
66435    : C <- C#0
66445    : C -> C#0
66595    : C <- C#0
66615    : C -> C#0
66645    : C <- C#0
66695    : C -> C#0
66715    : C <- C#0
66745    : C -> C#0
66875    : C <- C#0
66985    : C -> C#0
67145    : C <- C#0
67205    : C -> C#0
67235    : C <- C#0
67295    : C -> C#0
67315    : C <- C#0
67395    : C -> C#0
67415    : C <- C#0
67455    : C -> C#0
67485    : C <- C#0
67565    : C -> C#0
67635    : C <- C#0
67695    : C -> C#0
67725    : C <- C#0
67765    : C -> C#0
67925    : C <- C#0
67985    : C -> C#0
68005    : C <- C#0
68025    : C -> C#0
68045    : C <- C#0
68115    : C -> C#0
68195    : C <- C#0
68305    : C -> C#0
68345    : C <- C#0
68435    : C -> C#0
68455    : C <- C#0
68475    : C -> C#0
68495    : C <- C#0
68525    : C -> C#0
68555    : C <- C#0
68605    : C -> C#0
68625    : C <- C#0
68705    : C -> C#0
68735    : C <- C#0
68825    : C -> C#0
68855    : C <- C#0
68925    : C -> C#0
68975    : C <- C#0
68985    : C -> C#0
69005    : C <- C#0
69095    : C -> C#0
69125    : C <- C#0
69225    : C -> C#0
69255    : C <- C#0
69335    : C -> C#0
69375    : C <- C#0
69395    : C -> C#0
69415    : C <- C#0
69445    : C -> C#0
69475    : C <- C#0
69545    : C -> C#0
69585    : C <- C#0
69655    : C -> C#0
69685    : C <- C#0
69775    : C -> C#0
69805    : C <- C#0
69835    : C -> C#0
69865    : C <- C#0
69955    : C -> C#0
69975    : C <- C#0
70085    : C -> C#0
70245    : C <- C#0
70335    : C -> C#0
70365    : C <- C#0
70435    : C -> C#0
70465    : C <- C#0
70505    : C -> C#0
70595    : C <- C#0
70675    : C -> C#0
70695    : C <- C#0
70775    : C -> C#0
70805    : C <- C#0
70815    : C -> C#0
70905    : C <- C#0
70925    : C -> C#0
71135    : C <- C#0
71215    : C -> C#0
71235    : C <- C#0
71275    : C -> C#0
71295    : C <- C#0
71405    : C -> C#0
71435    : C <- C#0
71485    : C -> C#0
71505    : C <- C#0
71545    : C -> C#0
71565    : C <- C#0
71635    : C -> C#0
71715    : C <- C#0
71815    : C -> C#0
71845    : C <- C#0
71885    : C -> C#0
71925    : C <- C#0
72005    : C -> C#0
72095    : C <- C#0
72115    : C -> C#0
72145    : C <- C#0
72225    : C -> C#0
72435    : C <- C#0
72505    : C -> C#0
72525    : C <- C#0
72565    : C -> C#0
72595    : C <- C#0
72635    : C -> C#0
72665    : C <- C#0
72695    : C -> C#0
72725    : C <- C#0
72815    : C -> C#0
72855    : C <- C#0
72925    : C -> C#0
72945    : C <- C#0
72985    : C -> C#0
73005    : C <- C#0
73025    : C -> C#0
73195    : C <- C#0
73215    : C -> C#0
73335    : C <- C#0
73395    : C -> C#0
73425    : C <- C#0
73455    : C -> C#0
73505    : C <- C#0
73585    : C -> C#0
73615    : C <- C#0
73715    : C -> C#0
73785    : C <- C#0
73835    : C -> C#0
73865    : C <- C#0
73925    : C -> C#0
73955    : C <- C#0
73975    : C -> C#0
74125    : C <- C#0
74215    : C -> C#0
74245    : C <- C#0
74315    : C -> C#0
74345    : C <- C#0
74425    : C -> C#0
74495    : C <- C#0
74605    : C -> C#0
74625    : C <- C#0
74715    : C -> C#0
74745    : C <- C#0
74795    : C -> C#0
74825    : C <- C#0
74895    : C -> C#0
74965    : C <- C#0
74985    : C -> C#0
75005    : C <- C#0
75115    : C -> C#0
75165    : C <- C#0
75175    : C -> C#0
75195    : C <- C#0
75225    : C -> C#0
75345    : C <- C#0
75435    : C -> C#0
75595    : C <- C#0
75635    : C -> C#0
75665    : C <- C#0
75755    : C -> C#0
75775    : C <- C#0
75855    : C -> C#0
75875    : C <- C#0
75935    : C -> C#0
76075    : C <- C#0
76145    : C -> C#0
76175    : C <- C#0
76195    : C -> C#0
76285    : C <- C#0
76325    : C -> C#0
76345    : C <- C#0
76365    : C -> C#0
76385    : C <- C#0
76445    : C -> C#0
76575    : C <- C#0
76605    : C -> C#0
76625    : C <- C#0
76705    : C -> C#0
76775    : C <- C#0
76855    : C -> C#0
76875    : C <- C#0
76945    : C -> C#0
77065    : C <- C#0
77085    : C -> C#0
77115    : C <- C#0
77175    : C -> C#0
77205    : C <- C#0
77245    : C -> C#0
77345    : C <- C#0
77375    : C -> C#0
77405    : C <- C#0
77475    : C -> C#0
77555    : C <- C#0
77595    : C -> C#0
77625    : C <- C#0
77725    : C -> C#0
77755    : C <- C#0
77785    : C -> C#0
77955    : C <- C#0
78065    : C -> C#0
78225    : C <- C#0
78245    : C -> C#0
78265    : C <- C#0
78365    : C -> C#0
78395    : C <- C#0
78495    : C -> C#0
78525    : C <- C#0
78595    : C -> C#0
78785    : C <- C#0
78875    : C -> C#0
78895    : C <- C#0
78915    : C -> C#0
79015    : C <- C#0
79085    : C -> C#0
79115    : C <- C#0
79155    : C -> C#0
79185    : C <- C#0
79195    : C -> C#0
79225    : C <- C#0
79325    : C -> C#0
79365    : C <- C#0
79435    : C -> C#0
79465    : C <- C#0
79475    : C -> C#0
79495    : C <- C#0
79515    : C -> C#0
79535    : C <- C#0
79575    : C -> C#0
79675    : C <- C#0
79735    : C -> C#0
79775    : C <- C#0
79795    : C -> C#0
79815    : C <- C#0
79865    : C -> C#0
80015    : C <- C#0
80055    : C -> C#0
80245    : C <- C#0
80325    : C -> C#0
80355    : C <- C#0
80375    : C -> C#0
80395    : C <- C#0
80475    : C -> C#0
80535    : C <- C#0
80625    : C -> C#0
80815    : C <- C#0
80885    : C -> C#0
80915    : C <- C#0
80945    : C -> C#0
81055    : C <- C#0
81135    : C -> C#0
81325    : C <- C#0
81395    : C -> C#0
81415    : C <- C#0
81505    : C -> C#0
81555    : C <- C#0
81595    : C -> C#0
81615    : C <- C#0
81725    : C -> C#0
81745    : C <- C#0
81785    : C -> C#0
81955    : C <- C#0
81965    : C -> C#0
81985    : C <- C#0
82025    : C -> C#0
82055    : C <- C#0
82145    : C -> C#0
82235    : C <- C#0
82295    : C -> C#0
82435    : C <- C#0
82455    : C -> C#0
82475    : C <- C#0
82585    : C -> C#0
82605    : C <- C#0
82705    : C -> C#0
82735    : C <- C#0
82755    : C -> C#0
82785    : C <- C#0
82795    : C -> C#0
82845    : C <- C#0
82875    : C -> C#0
82905    : C <- C#0
82945    : C -> C#0
82965    : C <- C#0
83025    : C -> C#0
83055    : C <- C#0
83135    : C -> C#0
83165    : C <- C#0
83235    : C -> C#0
83315    : C <- C#0
83375    : C -> C#0
83405    : C <- C#0
83425    : C -> C#0
83445    : C <- C#0
83485    : C -> C#0
83685    : C <- C#0
83715    : C -> C#0
83745    : C <- C#0
83805    : C -> C#0
83825    : C <- C#0
83855    : C -> C#0
83885    : C <- C#0
83925    : C -> C#0
84045    : C <- C#0
84155    : C -> C#0
84185    : C <- C#0
84285    : C -> C#0
84305    : C <- C#0
84355    : C -> C#0
84455    : C <- C#0
84535    : C -> C#0
84555    : C <- C#0
84585    : C -> C#0
84615    : C <- C#0
84695    : C -> C#0
84795    : C <- C#0
84845    : C -> C#0
84865    : C <- C#0
84955    : C -> C#0
84975    : C <- C#0
85065    : C -> C#0
85095    : C <- C#0
85155    : C -> C#0
85265    : C <- C#0
85305    : C -> C#0
85325    : C <- C#0
85425    : C -> C#0
85465    : C <- C#0
85535    : C -> C#0
85555    : C <- C#0
85615    : C -> C#0
85875    : C <- C#0
85885    : C -> C#0
85915    : C <- C#0
85945    : C -> C#0
86185    : C <- C#0
86255    : C -> C#0
86275    : C <- C#0
86325    : C -> C#0
86355    : C <- C#0
86415    : C -> C#0
86435    : C <- C#0
86495    : C -> C#0
86615    : C <- C#0
86645    : C -> C#0
86675    : C <- C#0
86685    : C -> C#0
86715    : C <- C#0
86765    : C -> C#0
86825    : C <- C#0
86875    : C -> C#0
86895    : C <- C#0
86985    : C -> C#0
87035    : C <- C#0
87145    : C -> C#0
87185    : C <- C#0
87255    : C -> C#0
87275    : C <- C#0
87365    : C -> C#0
87385    : C <- C#0
87465    : C -> C#0
87485    : C <- C#0
87555    : C -> C#0
87575    : C <- C#0
87605    : C -> C#0
87705    : C <- C#0
87735    : C -> C#0
87755    : C <- C#0
87835    : C -> C#0
87855    : C <- C#0
87965    : C -> C#0
88005    : C <- C#0
88045    : C -> C#0
88075    : C <- C#0
88085    : C -> C#0
88155    : C <- C#0
88235    : C -> C#0
88265    : C <- C#0
88285    : C -> C#0
88505    : C <- C#0
88565    : C -> C#0
88585    : C <- C#0
88615    : C -> C#0
88815    : C <- C#0
88865    : C -> C#0
88885    : C <- C#0
88965    : C -> C#0
88995    : C <- C#0
89085    : C -> C#0
89105    : C <- C#0
89155    : C -> C#0
89305    : C <- C#0
89355    : C -> C#0
89385    : C <- C#0
89395    : C -> C#0
89505    : C <- C#0
89555    : C -> C#0
89575    : C <- C#0
89635    : C -> C#0
89715    : C <- C#0
89785    : C -> C#0
89805    : C <- C#0
89885    : C -> C#0
89925    : C <- C#0
89965    : C -> C#0
90105    : C <- C#0
90205    : C -> C#0
90235    : C <- C#0
90315    : C -> C#0
90345    : C <- C#0
90365    : C -> C#0
90475    : C <- C#0
90555    : C -> C#0
90585    : C <- C#0
90665    : C -> C#0
90695    : C <- C#0
90765    : C -> C#0
90795    : C <- C#0
90835    : C -> C#0
90955    : C <- C#0
91055    : C -> C#0
91075    : C <- C#0
91095    : C -> C#0
91125    : C <- C#0
91205    : C -> C#0
91225    : C <- C#0
91295    : C -> C#0
91445    : C <- C#0
91475    : C -> C#0
91505    : C <- C#0
91525    : C -> C#0
91655    : C <- C#0
91715    : C -> C#0
91735    : C <- C#0
91845    : C -> C#0
91865    : C <- C#0
91955    : C -> C#0
92045    : C <- C#0
92065    : C -> C#0
92095    : C <- C#0
92195    : C -> C#0
92225    : C <- C#0
92305    : C -> C#0
92505    : C <- C#0
92545    : C -> C#0
92565    : C <- C#0
92615    : C -> C#0
92635    : C <- C#0
92685    : C -> C#0
92715    : C <- C#0
92735    : C -> C#0
92755    : C <- C#0
92825    : C -> C#0
92865    : C <- C#0
92965    : C -> C#0
93035    : C <- C#0
93125    : C -> C#0
93145    : C <- C#0
93245    : C -> C#0
93315    : C <- C#0
93365    : C -> C#0
93385    : C <- C#0
93485    : C -> C#0
93515    : C <- C#0
93615    : C -> C#0
93645    : C <- C#0
93695    : C -> C#0
93835    : C <- C#0
93885    : C -> C#0
93975    : C <- C#0
94045    : C -> C#0
94245    : C <- C#0
94305    : C -> C#0
94325    : C <- C#0
94385    : C -> C#0
94405    : C <- C#0
94425    : C -> C#0
94455    : C <- C#0
94475    : C -> C#0
94615    : C <- C#0
94655    : C -> C#0
94675    : C <- C#0
94725    : C -> C#0
94905    : C <- C#0
94915    : C -> C#0
94935    : C <- C#0
95045    : C -> C#0
95075    : C <- C#0
95135    : C -> C#0
95165    : C <- C#0
95245    : C -> C#0
95275    : C <- C#0
95315    : C -> C#0
95535    : C <- C#0
95635    : C -> C#0
95655    : C <- C#0
95735    : C -> C#0
95825    : C <- C#0
95905    : C -> C#0
96075    : C <- C#0
96165    : C -> C#0
96185    : C <- C#0
96205    : C -> C#0
96305    : C <- C#0
96375    : C -> C#0
96395    : C <- C#0
96495    : C -> C#0
96515    : C <- C#0
96625    : C -> C#0
96655    : C <- C#0
96765    : C -> C#0
96835    : C <- C#0
96895    : C -> C#0
96925    : C <- C#0
96945    : C -> C#0
97185    : C <- C#0
97285    : C -> C#0
97305    : C <- C#0
97385    : C -> C#0
97475    : C <- C#0
97545    : C -> C#0
97575    : C <- C#0
97655    : C -> C#0
97685    : C <- C#0
97735    : C -> C#0
97765    : C <- C#0
97795    : C -> C#0
97825    : C <- C#0
97905    : C -> C#0
97935    : C <- C#0
97975    : C -> C#0
98105    : C <- C#0
98185    : C -> C#0
98225    : C <- C#0
98295    : C -> C#0
98475    : C <- C#0
98505    : C -> C#0
98535    : C <- C#0
98565    : C -> C#0
98595    : C <- C#0
98655    : C -> C#0
98695    : C <- C#0
98765    : C -> C#0
98795    : C <- C#0
98835    : C -> C#0
98855    : C <- C#0
98935    : C -> C#0
99185    : C <- C#0
99195    : C -> C#0
99215    : C <- C#0
99275    : C -> C#0
99405    : C <- C#0
99485    : C -> C#0
99515    : C <- C#0
99555    : C -> C#0
99575    : C <- C#0
99625    : C -> C#0
99775    : C <- C#0
99875    : C -> C#0
99895    : C <- C#0
99995    : C -> C#0
Core 0:
        No of Transactions: 846
        Avg Number of cycles per transaction: 5
Core 1:
        No of Transactions: 2
        Avg Number of cycles per transaction: 4993
Core 2:
        No of Transactions: 2
        Avg Number of cycles per transaction: 4991
Core 3:
        No of Transactions: 2
        Avg Number of cycles per transaction: 4991
