GAS LISTING /tmp/ccezr5AT.s 			page 1


   1              		.file	1 "reports/while/while.c"
   2              	
   3              	 # GNU C 2.7.2.3 [AL 1.1, MM 40, tma 0.1] SimpleScalar running sstrix compiled by GNU C
   4              	
   5              	 # Cc1 defaults:
   6              	 # -mgas -mgpOPT
   7              	
   8              	 # Cc1 arguments (-G value = 8, Cpu = default, ISA = 1):
   9              	 # -quiet -dumpbase -g -o
  10              	
  11              	gcc2_compiled.:
  12              	__gnu_compiled_c:
  13              		.text
  14              		.align	2
  15              		.globl	main
  16              	
  17              		.text
  19              	
   1:reports/while/while.c **** int main () {
  20              		.loc	1 1
  21              		.ent	main
  22              	main:
  23              		.frame	$fp,32,$31		# vars= 8, regs= 2/0, args= 16, extra= 0
  24              		.mask	0xc0000000,-4
  25              		.fmask	0x00000000,0
  26 0000 43000000 		subu	$sp,$sp,32
  26      E0FF1D1D 
  27 0008 34000000 		sw	$31,28($sp)
  27      1C001F1D 
  28 0010 34000000 		sw	$fp,24($sp)
  28      18001E1D 
  29 0018 42000000 		move	$fp,$sp
  29      001E1D00 
  30 0020 02000000 		jal	__main
  30      00000000 
  31              	
   2:reports/while/while.c ****   int x=0, y=0;
  32              		.loc	1 2
  35 0028 34000000 		sw	$0,16($fp)
  35      1000001E 
  36 0030 34000000 		sw	$0,20($fp)
  36      1400001E 
  37              	
   3:reports/while/while.c ****   while (x<10000) {
  38              		.loc	1 3
  39              	$L2:
  40 0038 28000000 		lw	$2,16($fp)
  40      1000021E 
  41 0040 5C000000 		slt	$3,$2,10000
  41      10270302 
  42 0048 06000000 		bne	$3,$0,$L4
  42      02000003 
  43 0050 01000000 		j	$L3
  43      2E000000 
  44              	$L4:
  45              	
   4:reports/while/while.c ****     if (x<1000) y=1; else y=0;
GAS LISTING /tmp/ccezr5AT.s 			page 2


  46              		.loc	1 4
  47 0058 28000000 		lw	$2,16($fp)
  47      1000021E 
  48 0060 5C000000 		slt	$3,$2,1000
  48      E8030302 
  49 0068 05000000 		beq	$3,$0,$L5
  49      06000003 
  50 0070 43000000 		li	$2,0x00000001		# 1
  50      01000200 
  51 0078 34000000 		sw	$2,20($fp)
  51      1400021E 
  52 0080 01000000 		j	$L6
  52      24000000 
  53              	$L5:
  54 0088 34000000 		sw	$0,20($fp)
  54      1400001E 
  55              	$L6:
  56              	
   5:reports/while/while.c ****     x++;
  57              		.loc	1 5
  58 0090 28000000 		lw	$3,16($fp)
  58      1000031E 
  59 0098 43000000 		addu	$2,$3,1
  59      01000203 
  60 00a0 42000000 		move	$3,$2
  60      00030200 
  61 00a8 34000000 		sw	$3,16($fp)
  61      1000031E 
  62              	
   6:reports/while/while.c ****   }
  63              		.loc	1 6
  64 00b0 01000000 		j	$L2
  64      0E000000 
  65              	$L3:
  66              	
   7:reports/while/while.c ****   return 0;
  67              		.loc	1 7
  68 00b8 42000000 		move	$2,$0
  68      00020000 
  69 00c0 01000000 		j	$L1
  69      32000000 
  70              	
   8:reports/while/while.c **** }
  71              		.loc	1 8
  72              	$L1:
  73 00c8 42000000 		move	$sp,$fp			# sp not trusted here
  73      001D1E00 
  74 00d0 28000000 		lw	$31,28($sp)
  74      1C001F1D 
  75 00d8 28000000 		lw	$fp,24($sp)
  75      18001E1D 
  76 00e0 43000000 		addu	$sp,$sp,32
  76      20001D1D 
  77 00e8 03000000 		j	$31
  77      0000001F 
  78              		.end	main
GAS LISTING /tmp/ccezr5AT.s 			page 3


DEFINED SYMBOLS
     /tmp/ccezr5AT.s:11     .text:0000000000000000 gcc2_compiled.
     /tmp/ccezr5AT.s:12     .text:0000000000000000 __gnu_compiled_c
     /tmp/ccezr5AT.s:22     .text:0000000000000000 main

UNDEFINED SYMBOLS
__main
