Command: ./simv +UVM_VERBOSITY=UVM_LOW -l vcs.log
Chronologic VCS simulator copyright 1991-2012
Contains Synopsys proprietary information.
Compiler version G-2012.09-Beta3; Runtime version G-2012.09-Beta3;  Oct  4 04:53 2012
----------------------------------------------------------------
UVM-1.1b
(C) 2007-2012 Mentor Graphics Corporation
(C) 2007-2012 Cadence Design Systems, Inc.
(C) 2006-2012 Synopsys, Inc.
(C) 2011-2012 Cypress Semiconductor Corp.
----------------------------------------------------------------

  ***********       IMPORTANT RELEASE NOTES         ************

  You are using a version of the UVM library that has been compiled
  with `UVM_NO_DEPRECATED undefined.
  See http://www.eda.org/svdb/view.php?id=3313 for more details.

      (Specify +UVM_NO_RELNOTES to turn off this notice)

UVM_INFO @ 0: reporter [RNTST] Running test ...
UVM_INFO test.sv(38) @ 0: rpt1 [rpt1] Info Message : Verbo lvl - UVM_NONE  
UVM_INFO @ 0: rpt1 [rpt1] Info Message : Verbo lvl - UVM_LOW   
UVM_INFO @ 0: rpt1 [rpt1] Info Message : Verbo lvl - 150       
UVM_INFO @ 0: rpt1 [rpt1] Info Message : Verbo lvl - UVM_MEDIUM
UVM_WARNING @ 0: rpt1 [rpt1] Warning Messgae from rpting
UVM_ERROR @ 0: rpt1 [rpt1] Error Message from rpting 


UVM_INFO test.sv(38) @ 0: rpt2 [rpt2] Info Message : Verbo lvl - UVM_NONE  
UVM_INFO @ 0: rpt2 [rpt2] Info Message : Verbo lvl - UVM_LOW   
UVM_WARNING @ 0: rpt2 [rpt2] Warning Messgae from rpting
UVM_ERROR @ 0: rpt2 [rpt2] Error Message from rpting 


UVM_INFO test.sv(38) @ 0: rpt3 [rpt3] Info Message : Verbo lvl - UVM_NONE  

--- UVM Report Summary ---

** Report counts by severity
UVM_INFO :    8
UVM_WARNING :    2
UVM_ERROR :    2
UVM_FATAL :    0
** Report counts by id
[RNTST]     1
[rpt1]     6
[rpt2]     4
[rpt3]     1
$finish called from file "../../../src/base/uvm_root.svh", line 408.
$finish at simulation time                    0
           V C S   S i m u l a t i o n   R e p o r t 
Time: 0 ns
CPU Time:      0.430 seconds;       Data structure size:   0.2Mb
Thu Oct  4 04:53:34 2012
