Command: ./simv +ntb_random_seed=8226949212 +UVM_VERBOSITY=UVM_LOW -l vcs.log
Chronologic VCS simulator copyright 1991-2012
Contains Synopsys proprietary information.
Compiler version G-2012.09-Beta3; Runtime version G-2012.09-Beta3;  Oct  5 01:59 2012
----------------------------------------------------------------
UVM-1.1b
(C) 2007-2012 Mentor Graphics Corporation
(C) 2007-2012 Cadence Design Systems, Inc.
(C) 2006-2012 Synopsys, Inc.
(C) 2011-2012 Cypress Semiconductor Corp.
----------------------------------------------------------------

  ***********       IMPORTANT RELEASE NOTES         ************

  You are using a version of the UVM library that has been compiled
  with `UVM_NO_DEPRECATED undefined.
  See http://www.eda.org/svdb/view.php?id=3313 for more details.

      (Specify +UVM_NO_RELNOTES to turn off this notice)

 Randomization Sucessesfull.
-----------------------------------
Name      Type          Size  Value
-----------------------------------
pkt1      Packet        -     @486 
  da      integral      8     'h5  
  sa      integral      8     'h1e 
  length  integral      8     'h4  
  data    da(integral)  4     -    
    [0]   integral      8     'hb0 
    [1]   integral      8     'h7  
    [2]   integral      8     'h84 
    [3]   integral      8     'h1c 
  fcs     integral      8     'h31 
-----------------------------------
Size of pkd bits           8
-----------------------------------
Name      Type          Size  Value
-----------------------------------
pkt2      Packet        -     @490 
  da      integral      8     'h5  
  sa      integral      8     'h1e 
  length  integral      8     'h4  
  data    da(integral)  4     -    
    [0]   integral      8     'hb0 
    [1]   integral      8     'h7  
    [2]   integral      8     'h84 
    [3]   integral      8     'h1c 
  fcs     integral      8     'h31 
-----------------------------------
 Packing,Unpacking and compare worked
           V C S   S i m u l a t i o n   R e p o r t 
Time: 0 ns
CPU Time:      0.290 seconds;       Data structure size:   0.1Mb
Fri Oct  5 01:59:35 2012
