GAS LISTING /tmp/cccJJzc9.s 			page 1


   1              		.file	1 "loop.c"
   2              	
   3              	 # GNU C 2.7.2.3 [AL 1.1, MM 40, tma 0.1] SimpleScalar running sstrix compiled by GNU C
   4              	
   5              	 # Cc1 defaults:
   6              	 # -mgas -mgpOPT
   7              	
   8              	 # Cc1 arguments (-G value = 8, Cpu = default, ISA = 1):
   9              	 # -quiet -dumpbase -g -o
  10              	
  11              	gcc2_compiled.:
  12              	__gnu_compiled_c:
  13              		.text
  14              		.align	2
  15              		.globl	main
  16              	
  17              		.text
 115              	
   1:loop.c        **** #include <stdio.h>
   2:loop.c        **** int main() {
 116              		.loc	1 2
 117              		.ent	main
 118              	main:
 119              		.frame	$fp,40,$31		# vars= 16, regs= 2/0, args= 16, extra= 0
 120              		.mask	0xc0000000,-4
 121              		.fmask	0x00000000,0
 122 0000 43000000 		subu	$sp,$sp,40
 122      D8FF1D1D 
 123 0008 34000000 		sw	$31,36($sp)
 123      24001F1D 
 124 0010 34000000 		sw	$fp,32($sp)
 124      20001E1D 
 125 0018 42000000 		move	$fp,$sp
 125      001E1D00 
 126 0020 02000000 		jal	__main
 126      00000000 
 127              	
   3:loop.c        ****         int i = 6;
 128              		.loc	1 3
 132 0028 43000000 		li	$2,0x00000006		# 6
 132      06000200 
 133 0030 34000000 		sw	$2,16($fp)
 133      1000021E 
 134              	
   4:loop.c        ****         int x;
   5:loop.c        **** //        int y;
   6:loop.c        ****         int z;
   7:loop.c        ****         while (i--) {
 135              		.loc	1 7
 136              	$L2:
 137 0038 28000000 		lw	$2,16($fp)
 137      1000021E 
 138 0040 43000000 		subu	$3,$2,1
 138      FFFF0302 
 139 0048 42000000 		move	$2,$3
 139      00020300 
 140 0050 34000000 		sw	$2,16($fp)
GAS LISTING /tmp/cccJJzc9.s 			page 2


 140      1000021E 
 141 0058 43000000 		li	$3,-1			# 0xffffffff
 141      FFFF0300 
 142 0060 06000000 		bne	$2,$3,$L4
 142      02000302 
 143 0068 01000000 		j	$L3
 143      2A000000 
 144              	$L4:
 145              	
   8:loop.c        ****                 x = i+5;
 146              		.loc	1 8
 147 0070 28000000 		lw	$2,16($fp)
 147      1000021E 
 148 0078 43000000 		addu	$3,$2,5
 148      05000302 
 149 0080 34000000 		sw	$3,20($fp)
 149      1400031E 
 150              	
   9:loop.c        **** //                y = i+i;
  10:loop.c        ****                 z = i+2;
 151              		.loc	1 10
 152 0088 28000000 		lw	$2,16($fp)
 152      1000021E 
 153 0090 43000000 		addu	$3,$2,2
 153      02000302 
 154 0098 34000000 		sw	$3,24($fp)
 154      1800031E 
 155              	
  11:loop.c        ****         }
 156              		.loc	1 11
 157 00a0 01000000 		j	$L2
 157      0E000000 
 158              	$L3:
 159              	
  12:loop.c        ****         x++;
 160              		.loc	1 12
 161 00a8 28000000 		lw	$3,20($fp)
 161      1400031E 
 162 00b0 43000000 		addu	$2,$3,1
 162      01000203 
 163 00b8 42000000 		move	$3,$2
 163      00030200 
 164 00c0 34000000 		sw	$3,20($fp)
 164      1400031E 
 165              	
  13:loop.c        **** //        y++;
  14:loop.c        ****         z++;
 166              		.loc	1 14
 167 00c8 28000000 		lw	$3,24($fp)
 167      1800031E 
 168 00d0 43000000 		addu	$2,$3,1
 168      01000203 
 169 00d8 42000000 		move	$3,$2
 169      00030200 
 170 00e0 34000000 		sw	$3,24($fp)
 170      1800031E 
 171              	
GAS LISTING /tmp/cccJJzc9.s 			page 3


  15:loop.c        **** 	return (0);
 172              		.loc	1 15
 173 00e8 42000000 		move	$2,$0
 173      00020000 
 174 00f0 01000000 		j	$L1
 174      3E000000 
 175              	
  16:loop.c        **** }
 176              		.loc	1 16
 177              	$L1:
 178 00f8 42000000 		move	$sp,$fp			# sp not trusted here
 178      001D1E00 
 179 0100 28000000 		lw	$31,36($sp)
 179      24001F1D 
 180 0108 28000000 		lw	$fp,32($sp)
 180      20001E1D 
 181 0110 43000000 		addu	$sp,$sp,40
 181      28001D1D 
 182 0118 03000000 		j	$31
 182      0000001F 
 183              		.end	main
GAS LISTING /tmp/cccJJzc9.s 			page 4


DEFINED SYMBOLS
     /tmp/cccJJzc9.s:11     .text:0000000000000000 gcc2_compiled.
     /tmp/cccJJzc9.s:12     .text:0000000000000000 __gnu_compiled_c
     /tmp/cccJJzc9.s:118    .text:0000000000000000 main

UNDEFINED SYMBOLS
__main
