GAS LISTING /tmp/ccxvahNF.s 			page 1


   1              		.file	1 "loop.c"
   2              	
   3              	 # GNU C 2.7.2.3 [AL 1.1, MM 40, tma 0.1] SimpleScalar running sstrix compiled by GNU C
   4              	
   5              	 # Cc1 defaults:
   6              	 # -mgas -mgpOPT
   7              	
   8              	 # Cc1 arguments (-G value = 8, Cpu = default, ISA = 1):
   9              	 # -quiet -dumpbase -g -o
  10              	
  11              	gcc2_compiled.:
  12              	__gnu_compiled_c:
  13              		.text
  14              		.align	2
  15              		.globl	main
  16              	
  17              		.text
 115              	
   1:loop.c        **** #include <stdio.h>
   2:loop.c        **** int main() {
 116              		.loc	1 2
 117              		.ent	main
 118              	main:
 119              		.frame	$fp,32,$31		# vars= 8, regs= 2/0, args= 16, extra= 0
 120              		.mask	0xc0000000,-4
 121              		.fmask	0x00000000,0
 122 0000 43000000 		subu	$sp,$sp,32
 122      E0FF1D1D 
 123 0008 34000000 		sw	$31,28($sp)
 123      1C001F1D 
 124 0010 34000000 		sw	$fp,24($sp)
 124      18001E1D 
 125 0018 42000000 		move	$fp,$sp
 125      001E1D00 
 126 0020 02000000 		jal	__main
 126      00000000 
 127              	
   3:loop.c        ****         int i = 6;
 128              		.loc	1 3
 131 0028 43000000 		li	$2,0x00000006		# 6
 131      06000200 
 132 0030 34000000 		sw	$2,16($fp)
 132      1000021E 
 133              	
   4:loop.c        ****         int x;
   5:loop.c        **** //        int y;
   6:loop.c        **** //        int z;
   7:loop.c        ****         while (i--) {
 134              		.loc	1 7
 135              	$L2:
 136 0038 28000000 		lw	$2,16($fp)
 136      1000021E 
 137 0040 43000000 		subu	$3,$2,1
 137      FFFF0302 
 138 0048 42000000 		move	$2,$3
 138      00020300 
 139 0050 34000000 		sw	$2,16($fp)
GAS LISTING /tmp/ccxvahNF.s 			page 2


 139      1000021E 
 140 0058 43000000 		li	$3,-1			# 0xffffffff
 140      FFFF0300 
 141 0060 06000000 		bne	$2,$3,$L4
 141      02000302 
 142 0068 01000000 		j	$L3
 142      24000000 
 143              	$L4:
 144              	
   8:loop.c        ****                 x = i+5;
 145              		.loc	1 8
 146 0070 28000000 		lw	$2,16($fp)
 146      1000021E 
 147 0078 43000000 		addu	$3,$2,5
 147      05000302 
 148 0080 34000000 		sw	$3,20($fp)
 148      1400031E 
 149              	
   9:loop.c        **** //                y = i+i;
  10:loop.c        **** //                z = i+2;
  11:loop.c        ****         }
 150              		.loc	1 11
 151 0088 01000000 		j	$L2
 151      0E000000 
 152              	$L3:
 153              	
  12:loop.c        ****         x++;
 154              		.loc	1 12
 155 0090 28000000 		lw	$3,20($fp)
 155      1400031E 
 156 0098 43000000 		addu	$2,$3,1
 156      01000203 
 157 00a0 42000000 		move	$3,$2
 157      00030200 
 158 00a8 34000000 		sw	$3,20($fp)
 158      1400031E 
 159              	
  13:loop.c        **** //        y++;
  14:loop.c        **** //        z++;
  15:loop.c        **** 	return (0);
 160              		.loc	1 15
 161 00b0 42000000 		move	$2,$0
 161      00020000 
 162 00b8 01000000 		j	$L1
 162      30000000 
 163              	
  16:loop.c        **** }
 164              		.loc	1 16
 165              	$L1:
 166 00c0 42000000 		move	$sp,$fp			# sp not trusted here
 166      001D1E00 
 167 00c8 28000000 		lw	$31,28($sp)
 167      1C001F1D 
 168 00d0 28000000 		lw	$fp,24($sp)
 168      18001E1D 
 169 00d8 43000000 		addu	$sp,$sp,32
 169      20001D1D 
GAS LISTING /tmp/ccxvahNF.s 			page 3


 170 00e0 03000000 		j	$31
 170      0000001F 
 171 00e8 00000000 		.end	main
 171      00000000 
GAS LISTING /tmp/ccxvahNF.s 			page 4


DEFINED SYMBOLS
     /tmp/ccxvahNF.s:11     .text:0000000000000000 gcc2_compiled.
     /tmp/ccxvahNF.s:12     .text:0000000000000000 __gnu_compiled_c
     /tmp/ccxvahNF.s:118    .text:0000000000000000 main

UNDEFINED SYMBOLS
__main
