GAS LISTING /tmp/cccXKNgP.s 			page 1


   1              		.file	1 "reports/evenOdd/evenOdd.c"
   2              	
   3              	 # GNU C 2.7.2.3 [AL 1.1, MM 40, tma 0.1] SimpleScalar running sstrix compiled by GNU C
   4              	
   5              	 # Cc1 defaults:
   6              	 # -mgas -mgpOPT
   7              	
   8              	 # Cc1 arguments (-G value = 8, Cpu = default, ISA = 1):
   9              	 # -quiet -dumpbase -g -o
  10              	
  11              	gcc2_compiled.:
  12              	__gnu_compiled_c:
  13              		.text
  14              		.align	2
  15              		.globl	main
  16              	
  17              		.text
  19              	
   1:reports/evenOdd/evenOdd.c **** int main () {
  20              		.loc	1 1
  21              		.ent	main
  22              	main:
  23              		.frame	$fp,32,$31		# vars= 8, regs= 2/0, args= 16, extra= 0
  24              		.mask	0xc0000000,-4
  25              		.fmask	0x00000000,0
  26 0000 43000000 		subu	$sp,$sp,32
  26      E0FF1D1D 
  27 0008 34000000 		sw	$31,28($sp)
  27      1C001F1D 
  28 0010 34000000 		sw	$fp,24($sp)
  28      18001E1D 
  29 0018 42000000 		move	$fp,$sp
  29      001E1D00 
  30 0020 02000000 		jal	__main
  30      00000000 
  31              	
   2:reports/evenOdd/evenOdd.c ****   int i=0, x=1;
  32              		.loc	1 2
  35 0028 34000000 		sw	$0,16($fp)
  35      1000001E 
  36 0030 43000000 		li	$2,0x00000001		# 1
  36      01000200 
  37 0038 34000000 		sw	$2,20($fp)
  37      1400021E 
  38              	
   3:reports/evenOdd/evenOdd.c ****   while (i < 10000) {
  39              		.loc	1 3
  40              	$L2:
  41 0040 28000000 		lw	$2,16($fp)
  41      1000021E 
  42 0048 5C000000 		slt	$3,$2,10000
  42      10270302 
  43 0050 06000000 		bne	$3,$0,$L4
  43      02000003 
  44 0058 01000000 		j	$L3
  44      30000000 
  45              	$L4:
GAS LISTING /tmp/cccXKNgP.s 			page 2


  46              	
   4:reports/evenOdd/evenOdd.c ****     if (i & 1) x++;
  47              		.loc	1 4
  48 0060 28000000 		lw	$3,16($fp)
  48      1000031E 
  49 0068 4F000000 		andi	$2,$3,0x0001
  49      01000203 
  50 0070 05000000 		beq	$2,$0,$L5
  50      08000002 
  51 0078 28000000 		lw	$3,20($fp)
  51      1400031E 
  52 0080 43000000 		addu	$2,$3,1
  52      01000203 
  53 0088 42000000 		move	$3,$2
  53      00030200 
  54 0090 34000000 		sw	$3,20($fp)
  54      1400031E 
  55              	$L5:
  56              	
   5:reports/evenOdd/evenOdd.c ****     i++;
  57              		.loc	1 5
  58 0098 28000000 		lw	$3,16($fp)
  58      1000031E 
  59 00a0 43000000 		addu	$2,$3,1
  59      01000203 
  60 00a8 42000000 		move	$3,$2
  60      00030200 
  61 00b0 34000000 		sw	$3,16($fp)
  61      1000031E 
  62              	
   6:reports/evenOdd/evenOdd.c ****   }
  63              		.loc	1 6
  64 00b8 01000000 		j	$L2
  64      10000000 
  65              	$L3:
  66              	
   7:reports/evenOdd/evenOdd.c ****   return x;
  67              		.loc	1 7
  68 00c0 28000000 		lw	$2,20($fp)
  68      1400021E 
  69 00c8 01000000 		j	$L1
  69      34000000 
  70              	
   8:reports/evenOdd/evenOdd.c **** }
  71              		.loc	1 8
  72              	$L1:
  73 00d0 42000000 		move	$sp,$fp			# sp not trusted here
  73      001D1E00 
  74 00d8 28000000 		lw	$31,28($sp)
  74      1C001F1D 
  75 00e0 28000000 		lw	$fp,24($sp)
  75      18001E1D 
  76 00e8 43000000 		addu	$sp,$sp,32
  76      20001D1D 
  77 00f0 03000000 		j	$31
  77      0000001F 
  78 00f8 00000000 		.end	main
GAS LISTING /tmp/cccXKNgP.s 			page 3


  78      00000000 
GAS LISTING /tmp/cccXKNgP.s 			page 4


DEFINED SYMBOLS
     /tmp/cccXKNgP.s:11     .text:0000000000000000 gcc2_compiled.
     /tmp/cccXKNgP.s:12     .text:0000000000000000 __gnu_compiled_c
     /tmp/cccXKNgP.s:22     .text:0000000000000000 main

UNDEFINED SYMBOLS
__main
