GAS LISTING /tmp/ccPasZBK.s 			page 1


   1              		.file	1 "loop.c"
   2              	
   3              	 # GNU C 2.7.2.3 [AL 1.1, MM 40, tma 0.1] SimpleScalar running sstrix compiled by GNU C
   4              	
   5              	 # Cc1 defaults:
   6              	 # -mgas -mgpOPT
   7              	
   8              	 # Cc1 arguments (-G value = 8, Cpu = default, ISA = 1):
   9              	 # -quiet -dumpbase -g -o
  10              	
  11              	gcc2_compiled.:
  12              	__gnu_compiled_c:
  13              		.text
  14              		.align	2
  15              		.globl	main
  16              	
  17              		.text
 115              	
   1:loop.c        **** #include <stdio.h>
   2:loop.c        **** int main() {
 116              		.loc	1 2
 117              		.ent	main
 118              	main:
 119              		.frame	$fp,40,$31		# vars= 16, regs= 2/0, args= 16, extra= 0
 120              		.mask	0xc0000000,-4
 121              		.fmask	0x00000000,0
 122 0000 43000000 		subu	$sp,$sp,40
 122      D8FF1D1D 
 123 0008 34000000 		sw	$31,36($sp)
 123      24001F1D 
 124 0010 34000000 		sw	$fp,32($sp)
 124      20001E1D 
 125 0018 42000000 		move	$fp,$sp
 125      001E1D00 
 126 0020 02000000 		jal	__main
 126      00000000 
 127              	
   3:loop.c        ****         int i = 6;
 128              		.loc	1 3
 133 0028 43000000 		li	$2,0x00000006		# 6
 133      06000200 
 134 0030 34000000 		sw	$2,16($fp)
 134      1000021E 
 135              	
   4:loop.c        ****         int x;
   5:loop.c        ****         int y;
   6:loop.c        ****         int z;
   7:loop.c        ****         while (i--) {
 136              		.loc	1 7
 137              	$L2:
 138 0038 28000000 		lw	$2,16($fp)
 138      1000021E 
 139 0040 43000000 		subu	$3,$2,1
 139      FFFF0302 
 140 0048 42000000 		move	$2,$3
 140      00020300 
 141 0050 34000000 		sw	$2,16($fp)
GAS LISTING /tmp/ccPasZBK.s 			page 2


 141      1000021E 
 142 0058 43000000 		li	$3,-1			# 0xffffffff
 142      FFFF0300 
 143 0060 06000000 		bne	$2,$3,$L4
 143      02000302 
 144 0068 01000000 		j	$L3
 144      32000000 
 145              	$L4:
 146              	
   8:loop.c        ****                 x = i+5;
 147              		.loc	1 8
 148 0070 28000000 		lw	$2,16($fp)
 148      1000021E 
 149 0078 43000000 		addu	$3,$2,5
 149      05000302 
 150 0080 34000000 		sw	$3,20($fp)
 150      1400031E 
 151              	
   9:loop.c        ****                 y = i+i;
 152              		.loc	1 9
 153 0088 28000000 		lw	$2,16($fp)
 153      1000021E 
 154 0090 28000000 		lw	$3,16($fp)
 154      1000031E 
 155 0098 42000000 		addu	$2,$2,$3
 155      00020302 
 156 00a0 34000000 		sw	$2,24($fp)
 156      1800021E 
 157              	
  10:loop.c        ****                 z = i+2;
 158              		.loc	1 10
 159 00a8 28000000 		lw	$2,16($fp)
 159      1000021E 
 160 00b0 43000000 		addu	$3,$2,2
 160      02000302 
 161 00b8 34000000 		sw	$3,28($fp)
 161      1C00031E 
 162              	
  11:loop.c        ****         }
 163              		.loc	1 11
 164 00c0 01000000 		j	$L2
 164      0E000000 
 165              	$L3:
 166              	
  12:loop.c        ****         x++;
 167              		.loc	1 12
 168 00c8 28000000 		lw	$3,20($fp)
 168      1400031E 
 169 00d0 43000000 		addu	$2,$3,1
 169      01000203 
 170 00d8 42000000 		move	$3,$2
 170      00030200 
 171 00e0 34000000 		sw	$3,20($fp)
 171      1400031E 
 172              	
  13:loop.c        ****         y++;
 173              		.loc	1 13
GAS LISTING /tmp/ccPasZBK.s 			page 3


 174 00e8 28000000 		lw	$3,24($fp)
 174      1800031E 
 175 00f0 43000000 		addu	$2,$3,1
 175      01000203 
 176 00f8 42000000 		move	$3,$2
 176      00030200 
 177 0100 34000000 		sw	$3,24($fp)
 177      1800031E 
 178              	
  14:loop.c        ****         z++;
 179              		.loc	1 14
 180 0108 28000000 		lw	$3,28($fp)
 180      1C00031E 
 181 0110 43000000 		addu	$2,$3,1
 181      01000203 
 182 0118 42000000 		move	$3,$2
 182      00030200 
 183 0120 34000000 		sw	$3,28($fp)
 183      1C00031E 
 184              	
  15:loop.c        **** 	return (0);
 185              		.loc	1 15
 186 0128 42000000 		move	$2,$0
 186      00020000 
 187 0130 01000000 		j	$L1
 187      4E000000 
 188              	
  16:loop.c        **** }
 189              		.loc	1 16
 190              	$L1:
 191 0138 42000000 		move	$sp,$fp			# sp not trusted here
 191      001D1E00 
 192 0140 28000000 		lw	$31,36($sp)
 192      24001F1D 
 193 0148 28000000 		lw	$fp,32($sp)
 193      20001E1D 
 194 0150 43000000 		addu	$sp,$sp,40
 194      28001D1D 
 195 0158 03000000 		j	$31
 195      0000001F 
 196              		.end	main
GAS LISTING /tmp/ccPasZBK.s 			page 4


DEFINED SYMBOLS
     /tmp/ccPasZBK.s:11     .text:0000000000000000 gcc2_compiled.
     /tmp/ccPasZBK.s:12     .text:0000000000000000 __gnu_compiled_c
     /tmp/ccPasZBK.s:118    .text:0000000000000000 main

UNDEFINED SYMBOLS
__main
